<?xml version="1.0" encoding="UTF-8"?>
<!-- Generated by org.testng.reporters.JUnitXMLReporter -->
<testsuite hostname="qedge-PC" name="Flight booking end to end Test" tests="5" failures="5" timestamp="2 Jan 2016 04:47:26 GMT" time="53.888" errors="0">
  <testcase name="loginTest" time="53.856" classname="com.test.testsuit.Login">
    <failure type="org.openqa.selenium.WebDriverException" message="Failed to connect to binary FirefoxBinary(C:\Program Files (x86)\Mozilla Firefox\firefox.exe) on port 7055; process output follows: 
iver-profile\extensions\webdriver-staging
1451710001212	addons.xpi	INFO	Mapping {972ce4c6-7e08-4474-a285-3208198ce6fd} to C:\Program Files (x86)\Mozilla Firefox\browser\extensions\{972ce4c6-7e08-4474-a285-3208198ce6fd}
1451710001212	addons.xpi	DEBUG	Skipping unavailable install location app-system-share
1451710001212	addons.xpi	DEBUG	Skipping unavailable install location app-system-local
1451710001213	addons.xpi	INFO	Mapping wrc@avast.com to C:\Program Files\AVAST Software\Avast\WebRep\FF
1451710001213	addons.xpi	INFO	Mapping sp@avast.com to C:\Program Files\AVAST Software\Avast\SafePrice\FF
1451710001213	addons.xpi	DEBUG	checkForChanges
1451710001214	addons.xpi	DEBUG	Loaded add-on state from prefs: {&amp;quot;app-profile&amp;quot;:{&amp;quot;fxdriver@googlecode.com&amp;quot;:{&amp;quot;d&amp;quot;:&amp;quot;C:\\Users\\qedge\\AppData\\Local\\Temp\\anonymous8854920906939103473webdriver-profile\\extensions\\fxdriver@googlecode.com&amp;quot;,&amp;quot;e&amp;quot;:true,&amp;quot;v&amp;quot;:&amp;quot;2.44.0&amp;quot;,&amp;quot;st&amp;quot;:1451709993269,&amp;quot;mt&amp;quot;:1451709993175}},&amp;quot;app-global&amp;quot;:{&amp;quot;{972ce4c6-7e08-4474-a285-3208198ce6fd}&amp;quot;:{&amp;quot;d&amp;quot;:&amp;quot;C:\\Program Files (x86)\\Mozilla Firefox\\browser\\extensions\\{972ce4c6-7e08-4474-a285-3208198ce6fd}&amp;quot;,&amp;quot;e&amp;quot;:true,&amp;quot;v&amp;quot;:&amp;quot;37.0.2&amp;quot;,&amp;quot;st&amp;quot;:1450686573905,&amp;quot;mt&amp;quot;:1429136986000}},&amp;quot;winreg-app-global&amp;quot;:{&amp;quot;wrc@avast.com&amp;quot;:{&amp;quot;d&amp;quot;:&amp;quot;C:\\Program Files\\AVAST Software\\Avast\\WebRep\\FF&amp;quot;,&amp;quot;e&amp;quot;:false,&amp;quot;v&amp;quot;:&amp;quot;10.3.3.13&amp;quot;,&amp;quot;st&amp;quot;:1450955440034,&amp;quot;mt&amp;quot;:1450870519154},&amp;quot;sp@avast.com&amp;quot;:{&amp;quot;d&amp;quot;:&amp;quot;C:\\Program Files\\AVAST Software\\Avast\\SafePrice\\FF&amp;quot;,&amp;quot;e&amp;quot;:false,&amp;quot;v&amp;quot;:&amp;quot;10.3.5.13&amp;quot;,&amp;quot;st&amp;quot;:1450955430050,&amp;quot;mt&amp;quot;:1450870518979}}}
1451710001214	addons.xpi	DEBUG	getModTime: Recursive scan of fxdriver@googlecode.com
1451710001224	addons.xpi	DEBUG	getModTime: Recursive scan of {972ce4c6-7e08-4474-a285-3208198ce6fd}
1451710001225	addons.xpi	DEBUG	getInstallState changed: false, state: {&amp;quot;app-profile&amp;quot;:{&amp;quot;fxdriver@googlecode.com&amp;quot;:{&amp;quot;d&amp;quot;:&amp;quot;C:\\Users\\qedge\\AppData\\Local\\Temp\\anonymous8854920906939103473webdriver-profile\\extensions\\fxdriver@googlecode.com&amp;quot;,&amp;quot;e&amp;quot;:true,&amp;quot;v&amp;quot;:&amp;quot;2.44.0&amp;quot;,&amp;quot;st&amp;quot;:1451709993269,&amp;quot;mt&amp;quot;:1451709993175}},&amp;quot;app-global&amp;quot;:{&amp;quot;{972ce4c6-7e08-4474-a285-3208198ce6fd}&amp;quot;:{&amp;quot;d&amp;quot;:&amp;quot;C:\\Program Files (x86)\\Mozilla Firefox\\browser\\extensions\\{972ce4c6-7e08-4474-a285-3208198ce6fd}&amp;quot;,&amp;quot;e&amp;quot;:true,&amp;quot;v&amp;quot;:&amp;quot;37.0.2&amp;quot;,&amp;quot;st&amp;quot;:1450686573905,&amp;quot;mt&amp;quot;:1429136986000}},&amp;quot;winreg-app-global&amp;quot;:{&amp;quot;wrc@avast.com&amp;quot;:{&amp;quot;d&amp;quot;:&amp;quot;C:\\Program Files\\AVAST Software\\Avast\\WebRep\\FF&amp;quot;,&amp;quot;e&amp;quot;:false,&amp;quot;v&amp;quot;:&amp;quot;10.3.3.13&amp;quot;,&amp;quot;st&amp;quot;:1450955440034,&amp;quot;mt&amp;quot;:1450870519154},&amp;quot;sp@avast.com&amp;quot;:{&amp;quot;d&amp;quot;:&amp;quot;C:\\Program Files\\AVAST Software\\Avast\\SafePrice\\FF&amp;quot;,&amp;quot;e&amp;quot;:false,&amp;quot;v&amp;quot;:&amp;quot;10.3.5.13&amp;quot;,&amp;quot;st&amp;quot;:1450955430050,&amp;quot;mt&amp;quot;:1450870518979}}}
1451710001227	addons.xpi	DEBUG	No changes found
1451710001230	addons.manager	DEBUG	Registering shutdown blocker for XPIProvider
1451710001230	addons.manager	DEBUG	Registering shutdown blocker for LightweightThemeManager
1451710001232	addons.manager	DEBUG	Registering shutdown blocker for GMPProvider
1451710001232	addons.manager	DEBUG	Registering shutdown blocker for PluginProvider
JavaScript error: file:///C:/Users/qedge/AppData/Local/Temp/anonymous8854920906939103473webdriver-profile/extensions/fxdriver@googlecode.com/components/driver-component.js, line 11487: TypeError: this.server_ is undefined
JavaScript error: chrome://fxdriver/content/server.js, line 38: NS_ERROR_XPC_CI_RETURNED_FAILURE: Component returned failure code: 0x80570015 (NS_ERROR_XPC_CI_RETURNED_FAILURE) [nsIJSCID.createInstance]
*** Blocklist::_preloadBlocklistFile: blocklist is disabled
1451710003316	addons.manager	DEBUG	Registering shutdown blocker for &amp;lt;unnamed-provider&amp;gt;
1451710045975	addons.manager	DEBUG	shutdown
1451710045975	addons.manager	DEBUG	Calling shutdown blocker for XPIProvider
1451710045976	addons.xpi	DEBUG	shutdown
1451710045976	addons.xpi	DEBUG	Notifying XPI shutdown observers
1451710045976	addons.manager	DEBUG	Calling shutdown blocker for LightweightThemeManager
1451710045976	addons.manager	DEBUG	Calling shutdown blocker for GMPProvider
1451710045977	addons.manager	DEBUG	Calling shutdown blocker for PluginProvider
1451710045977	addons.manager	DEBUG	Calling shutdown blocker for &amp;lt;unnamed-provider&amp;gt;
1451710045982	addons.manager	DEBUG	Async provider shutdown done

Build info: version: &amp;apos;2.44.0&amp;apos;, revision: &amp;apos;76d78cf&amp;apos;, time: &amp;apos;2014-10-23 20:02:37&amp;apos;
System info: host: &amp;apos;qedge-PC&amp;apos;, ip: &amp;apos;192.168.1.4&amp;apos;, os.name: &amp;apos;Windows 7&amp;apos;, os.arch: &amp;apos;amd64&amp;apos;, os.version: &amp;apos;6.1&amp;apos;, java.version: &amp;apos;1.7.0_79&amp;apos;
Driver info: driver.version: FirefoxDriver">
      <![CDATA[org.openqa.selenium.WebDriverException: Failed to connect to binary FirefoxBinary(C:\Program Files (x86)\Mozilla Firefox\firefox.exe) on port 7055; process output follows: 
iver-profile\extensions\webdriver-staging
1451710001212	addons.xpi	INFO	Mapping {972ce4c6-7e08-4474-a285-3208198ce6fd} to C:\Program Files (x86)\Mozilla Firefox\browser\extensions\{972ce4c6-7e08-4474-a285-3208198ce6fd}
1451710001212	addons.xpi	DEBUG	Skipping unavailable install location app-system-share
1451710001212	addons.xpi	DEBUG	Skipping unavailable install location app-system-local
1451710001213	addons.xpi	INFO	Mapping wrc@avast.com to C:\Program Files\AVAST Software\Avast\WebRep\FF
1451710001213	addons.xpi	INFO	Mapping sp@avast.com to C:\Program Files\AVAST Software\Avast\SafePrice\FF
1451710001213	addons.xpi	DEBUG	checkForChanges
1451710001214	addons.xpi	DEBUG	Loaded add-on state from prefs: {"app-profile":{"fxdriver@googlecode.com":{"d":"C:\\Users\\qedge\\AppData\\Local\\Temp\\anonymous8854920906939103473webdriver-profile\\extensions\\fxdriver@googlecode.com","e":true,"v":"2.44.0","st":1451709993269,"mt":1451709993175}},"app-global":{"{972ce4c6-7e08-4474-a285-3208198ce6fd}":{"d":"C:\\Program Files (x86)\\Mozilla Firefox\\browser\\extensions\\{972ce4c6-7e08-4474-a285-3208198ce6fd}","e":true,"v":"37.0.2","st":1450686573905,"mt":1429136986000}},"winreg-app-global":{"wrc@avast.com":{"d":"C:\\Program Files\\AVAST Software\\Avast\\WebRep\\FF","e":false,"v":"10.3.3.13","st":1450955440034,"mt":1450870519154},"sp@avast.com":{"d":"C:\\Program Files\\AVAST Software\\Avast\\SafePrice\\FF","e":false,"v":"10.3.5.13","st":1450955430050,"mt":1450870518979}}}
1451710001214	addons.xpi	DEBUG	getModTime: Recursive scan of fxdriver@googlecode.com
1451710001224	addons.xpi	DEBUG	getModTime: Recursive scan of {972ce4c6-7e08-4474-a285-3208198ce6fd}
1451710001225	addons.xpi	DEBUG	getInstallState changed: false, state: {"app-profile":{"fxdriver@googlecode.com":{"d":"C:\\Users\\qedge\\AppData\\Local\\Temp\\anonymous8854920906939103473webdriver-profile\\extensions\\fxdriver@googlecode.com","e":true,"v":"2.44.0","st":1451709993269,"mt":1451709993175}},"app-global":{"{972ce4c6-7e08-4474-a285-3208198ce6fd}":{"d":"C:\\Program Files (x86)\\Mozilla Firefox\\browser\\extensions\\{972ce4c6-7e08-4474-a285-3208198ce6fd}","e":true,"v":"37.0.2","st":1450686573905,"mt":1429136986000}},"winreg-app-global":{"wrc@avast.com":{"d":"C:\\Program Files\\AVAST Software\\Avast\\WebRep\\FF","e":false,"v":"10.3.3.13","st":1450955440034,"mt":1450870519154},"sp@avast.com":{"d":"C:\\Program Files\\AVAST Software\\Avast\\SafePrice\\FF","e":false,"v":"10.3.5.13","st":1450955430050,"mt":1450870518979}}}
1451710001227	addons.xpi	DEBUG	No changes found
1451710001230	addons.manager	DEBUG	Registering shutdown blocker for XPIProvider
1451710001230	addons.manager	DEBUG	Registering shutdown blocker for LightweightThemeManager
1451710001232	addons.manager	DEBUG	Registering shutdown blocker for GMPProvider
1451710001232	addons.manager	DEBUG	Registering shutdown blocker for PluginProvider
JavaScript error: file:///C:/Users/qedge/AppData/Local/Temp/anonymous8854920906939103473webdriver-profile/extensions/fxdriver@googlecode.com/components/driver-component.js, line 11487: TypeError: this.server_ is undefined
JavaScript error: chrome://fxdriver/content/server.js, line 38: NS_ERROR_XPC_CI_RETURNED_FAILURE: Component returned failure code: 0x80570015 (NS_ERROR_XPC_CI_RETURNED_FAILURE) [nsIJSCID.createInstance]
*** Blocklist::_preloadBlocklistFile: blocklist is disabled
1451710003316	addons.manager	DEBUG	Registering shutdown blocker for <unnamed-provider>
1451710045975	addons.manager	DEBUG	shutdown
1451710045975	addons.manager	DEBUG	Calling shutdown blocker for XPIProvider
1451710045976	addons.xpi	DEBUG	shutdown
1451710045976	addons.xpi	DEBUG	Notifying XPI shutdown observers
1451710045976	addons.manager	DEBUG	Calling shutdown blocker for LightweightThemeManager
1451710045976	addons.manager	DEBUG	Calling shutdown blocker for GMPProvider
1451710045977	addons.manager	DEBUG	Calling shutdown blocker for PluginProvider
1451710045977	addons.manager	DEBUG	Calling shutdown blocker for <unnamed-provider>
1451710045982	addons.manager	DEBUG	Async provider shutdown done

Build info: version: '2.44.0', revision: '76d78cf', time: '2014-10-23 20:02:37'
System info: host: 'qedge-PC', ip: '192.168.1.4', os.name: 'Windows 7', os.arch: 'amd64', os.version: '6.1', java.version: '1.7.0_79'
Driver info: driver.version: FirefoxDriver
	at org.openqa.selenium.firefox.internal.NewProfileExtensionConnection.start(NewProfileExtensionConnection.java:130)
	at org.openqa.selenium.firefox.FirefoxDriver.startClient(FirefoxDriver.java:246)
	at org.openqa.selenium.remote.RemoteWebDriver.<init>(RemoteWebDriver.java:114)
	at org.openqa.selenium.firefox.FirefoxDriver.<init>(FirefoxDriver.java:193)
	at org.openqa.selenium.firefox.FirefoxDriver.<init>(FirefoxDriver.java:186)
	at org.openqa.selenium.firefox.FirefoxDriver.<init>(FirefoxDriver.java:182)
	at org.openqa.selenium.firefox.FirefoxDriver.<init>(FirefoxDriver.java:95)
	at com.test.testsuit.Login.loginTest(Login.java:10)
Caused by: org.openqa.selenium.firefox.NotConnectedException: Unable to connect to host 127.0.0.1 on port 7055 after 45000 ms. Firefox console output:
iver-profile\extensions\webdriver-staging
1451710001212	addons.xpi	INFO	Mapping {972ce4c6-7e08-4474-a285-3208198ce6fd} to C:\Program Files (x86)\Mozilla Firefox\browser\extensions\{972ce4c6-7e08-4474-a285-3208198ce6fd}
1451710001212	addons.xpi	DEBUG	Skipping unavailable install location app-system-share
1451710001212	addons.xpi	DEBUG	Skipping unavailable install location app-system-local
1451710001213	addons.xpi	INFO	Mapping wrc@avast.com to C:\Program Files\AVAST Software\Avast\WebRep\FF
1451710001213	addons.xpi	INFO	Mapping sp@avast.com to C:\Program Files\AVAST Software\Avast\SafePrice\FF
1451710001213	addons.xpi	DEBUG	checkForChanges
1451710001214	addons.xpi	DEBUG	Loaded add-on state from prefs: {"app-profile":{"fxdriver@googlecode.com":{"d":"C:\\Users\\qedge\\AppData\\Local\\Temp\\anonymous8854920906939103473webdriver-profile\\extensions\\fxdriver@googlecode.com","e":true,"v":"2.44.0","st":1451709993269,"mt":1451709993175}},"app-global":{"{972ce4c6-7e08-4474-a285-3208198ce6fd}":{"d":"C:\\Program Files (x86)\\Mozilla Firefox\\browser\\extensions\\{972ce4c6-7e08-4474-a285-3208198ce6fd}","e":true,"v":"37.0.2","st":1450686573905,"mt":1429136986000}},"winreg-app-global":{"wrc@avast.com":{"d":"C:\\Program Files\\AVAST Software\\Avast\\WebRep\\FF","e":false,"v":"10.3.3.13","st":1450955440034,"mt":1450870519154},"sp@avast.com":{"d":"C:\\Program Files\\AVAST Software\\Avast\\SafePrice\\FF","e":false,"v":"10.3.5.13","st":1450955430050,"mt":1450870518979}}}
1451710001214	addons.xpi	DEBUG	getModTime: Recursive scan of fxdriver@googlecode.com
1451710001224	addons.xpi	DEBUG	getModTime: Recursive scan of {972ce4c6-7e08-4474-a285-3208198ce6fd}
1451710001225	addons.xpi	DEBUG	getInstallState changed: false, state: {"app-profile":{"fxdriver@googlecode.com":{"d":"C:\\Users\\qedge\\AppData\\Local\\Temp\\anonymous8854920906939103473webdriver-profile\\extensions\\fxdriver@googlecode.com","e":true,"v":"2.44.0","st":1451709993269,"mt":1451709993175}},"app-global":{"{972ce4c6-7e08-4474-a285-3208198ce6fd}":{"d":"C:\\Program Files (x86)\\Mozilla Firefox\\browser\\extensions\\{972ce4c6-7e08-4474-a285-3208198ce6fd}","e":true,"v":"37.0.2","st":1450686573905,"mt":1429136986000}},"winreg-app-global":{"wrc@avast.com":{"d":"C:\\Program Files\\AVAST Software\\Avast\\WebRep\\FF","e":false,"v":"10.3.3.13","st":1450955440034,"mt":1450870519154},"sp@avast.com":{"d":"C:\\Program Files\\AVAST Software\\Avast\\SafePrice\\FF","e":false,"v":"10.3.5.13","st":1450955430050,"mt":1450870518979}}}
1451710001227	addons.xpi	DEBUG	No changes found
1451710001230	addons.manager	DEBUG	Registering shutdown blocker for XPIProvider
1451710001230	addons.manager	DEBUG	Registering shutdown blocker for LightweightThemeManager
1451710001232	addons.manager	DEBUG	Registering shutdown blocker for GMPProvider
1451710001232	addons.manager	DEBUG	Registering shutdown blocker for PluginProvider
JavaScript error: file:///C:/Users/qedge/AppData/Local/Temp/anonymous8854920906939103473webdriver-profile/extensions/fxdriver@googlecode.com/components/driver-component.js, line 11487: TypeError: this.server_ is undefined
JavaScript error: chrome://fxdriver/content/server.js, line 38: NS_ERROR_XPC_CI_RETURNED_FAILURE: Component returned failure code: 0x80570015 (NS_ERROR_XPC_CI_RETURNED_FAILURE) [nsIJSCID.createInstance]
*** Blocklist::_preloadBlocklistFile: blocklist is disabled
1451710003316	addons.manager	DEBUG	Registering shutdown blocker for <unnamed-provider>
1451710045975	addons.manager	DEBUG	shutdown
1451710045975	addons.manager	DEBUG	Calling shutdown blocker for XPIProvider
1451710045976	addons.xpi	DEBUG	shutdown
1451710045976	addons.xpi	DEBUG	Notifying XPI shutdown observers
1451710045976	addons.manager	DEBUG	Calling shutdown blocker for LightweightThemeManager
1451710045976	addons.manager	DEBUG	Calling shutdown blocker for GMPProvider
1451710045977	addons.manager	DEBUG	Calling shutdown blocker for PluginProvider
1451710045977	addons.manager	DEBUG	Calling shutdown blocker for <unnamed-provider>
1451710045982	addons.manager	DEBUG	Async provider shutdown done

	at org.openqa.selenium.firefox.internal.NewProfileExtensionConnection.start(NewProfileExtensionConnection.java:118)
	... 31 more
... Removed 24 stack frames]]>
    </failure>
  </testcase> <!-- loginTest -->
  <testcase name="findFlight" time="0.0" classname="com.test.testsuit.FindAFlight">
    <failure type="java.lang.NullPointerException">
      <![CDATA[java.lang.NullPointerException
	at com.test.testsuit.FindAFlight.findFlight(FindAFlight.java:9)
... Removed 24 stack frames]]>
    </failure>
  </testcase> <!-- findFlight -->
  <testcase name="selectFlight" time="0.0" classname="com.test.testsuit.SelectAFlight">
    <failure type="java.lang.NullPointerException">
      <![CDATA[java.lang.NullPointerException
	at com.test.testsuit.SelectAFlight.selectFlight(SelectAFlight.java:9)
... Removed 24 stack frames]]>
    </failure>
  </testcase> <!-- selectFlight -->
  <testcase name="bookaFlight" time="0.0" classname="com.test.testsuit.BookAFlight">
    <failure type="java.lang.NullPointerException">
      <![CDATA[java.lang.NullPointerException
	at com.test.testsuit.BookAFlight.bookaFlight(BookAFlight.java:9)
... Removed 24 stack frames]]>
    </failure>
  </testcase> <!-- bookaFlight -->
  <testcase name="confirmation" time="0.0" classname="com.test.testsuit.Confirmation">
    <failure type="java.lang.NullPointerException">
      <![CDATA[java.lang.NullPointerException
	at com.test.testsuit.Confirmation.confirmation(Confirmation.java:10)
... Removed 24 stack frames]]>
    </failure>
  </testcase> <!-- confirmation -->
</testsuite> <!-- Flight booking end to end Test -->
