<?xml version="1.0" encoding="UTF-8"?>
<!-- Generated by org.testng.reporters.JUnitXMLReporter -->
<testsuite hostname="qedge-PC" name="Flight booking end to end Test" tests="5" failures="0" timestamp="2 Jan 2016 05:30:00 GMT" time="24.459" errors="0">
  <testcase name="loginTest" time="17.61" classname="com.test.testsuit.Login"/>
  <testcase name="findFlight" time="1.794" classname="com.test.testsuit.FindAFlight"/>
  <testcase name="selectFlight" time="1.887" classname="com.test.testsuit.SelectAFlight"/>
  <testcase name="bookaFlight" time="1.436" classname="com.test.testsuit.BookAFlight"/>
  <testcase name="confirmation" time="1.701" classname="com.test.testsuit.Confirmation"/>
</testsuite> <!-- Flight booking end to end Test -->
