<?xml version="1.0" encoding="UTF-8"?>
<!-- Generated by org.testng.reporters.JUnitXMLReporter -->
<testsuite hostname="qedge-PC" name="Flight booking end to end Test on chrome" tests="5" failures="0" timestamp="2 Jan 2016 09:23:11 GMT" time="29.451" errors="0">
  <testcase name="loginTest" time="23.554" classname="com.test.testsuit.Login"/>
  <testcase name="findFlight" time="1.749" classname="com.test.testsuit.FindAFlight"/>
  <testcase name="selectFlight" time="1.543" classname="com.test.testsuit.SelectAFlight"/>
  <testcase name="bookaFlight" time="1.304" classname="com.test.testsuit.BookAFlight"/>
  <testcase name="confirmation" time="1.202" classname="com.test.testsuit.Confirmation"/>
</testsuite> <!-- Flight booking end to end Test on chrome -->
