<?xml version="1.0" encoding="UTF-8"?>
<!-- Generated by org.testng.reporters.JUnitXMLReporter -->
<testsuite hostname="qedge-PC" name="Flight booking end to end Test on firefox" tests="5" failures="0" timestamp="2 Jan 2016 09:23:29 GMT" time="48.03" errors="0">
  <testcase name="loginTest" time="42.023" classname="com.test.testsuit.Login"/>
  <testcase name="findFlight" time="1.685" classname="com.test.testsuit.FindAFlight"/>
  <testcase name="selectFlight" time="1.591" classname="com.test.testsuit.SelectAFlight"/>
  <testcase name="bookaFlight" time="1.467" classname="com.test.testsuit.BookAFlight"/>
  <testcase name="confirmation" time="1.249" classname="com.test.testsuit.Confirmation"/>
</testsuite> <!-- Flight booking end to end Test on firefox -->
